<?xml version="1.0" encoding="UTF-8"?>
<!-- Generated by org.testng.reporters.JUnitReportReporter -->
<testsuite hostname="BhavyaMopati" failures="0" tests="1" name="Test.AnnotationExample" time="7.786" errors="0" timestamp="2023-03-16T20:30:54 IST" skipped="0">
  <testcase classname="Test.AnnotationExample" name="HyrAnnoatation" time="7.786"/>
  <system-out/>
</testsuite> <!-- Test.AnnotationExample -->
