<?xml version="1.0" encoding="UTF-8"?>
<!-- Generated by org.testng.reporters.JUnitReportReporter -->
<testsuite hostname="BhavyaMopati" failures="0" tests="1" name="TestClass" time="0.011" errors="0" timestamp="2023-03-14T11:45:07 IST" skipped="0">
  <testcase classname="TestClass" name="fla" time="0.011"/>
  <system-out/>
</testsuite> <!-- TestClass -->
