<?xml version="1.0" encoding="UTF-8"?>
<!-- Generated by org.testng.reporters.JUnitReportReporter -->
<testsuite hostname="BhavyaMopati" failures="0" tests="3" name="Test.Testgoogle" time="17.905" errors="0" timestamp="2023-03-16T20:28:57 IST" skipped="0">
  <testcase classname="Test.Testgoogle" name="Facebook" time="3.514"/>
  <system-out/>
  <testcase classname="Test.Testgoogle" name="Google" time="6.987"/>
  <system-out/>
  <testcase classname="Test.Testgoogle" name="Google" time="7.404"/>
  <system-out/>
</testsuite> <!-- Test.Testgoogle -->
